[DEBUG] 2018-02-04 22:50:44.009 [main] Configuration - This is a debug message
[INFO ] 2018-02-04 22:50:44.020 [main] Configuration - This is an info message
[WARN ] 2018-02-04 22:50:44.021 [main] Configuration - This is a warn message
[ERROR] 2018-02-04 22:50:44.021 [main] Configuration - This is an error message
[FATAL] 2018-02-04 22:50:44.022 [main] Configuration - This is a fatal message
[ERROR] 2018-02-04 22:50:44.022 [main] Configuration - Error Message Logged !!!
java.lang.NullPointerException: NullError
	at com.usermanager.utilities.Configuration.<init>(Configuration.java:25) [bin/:?]
	at com.usermanager.controlpanel.Dashboard.main(Dashboard.java:21) [bin/:?]
[DEBUG] 2018-02-04 22:56:39.786 [main] Configuration - This is a debug message
[INFO ] 2018-02-04 22:56:39.794 [main] Configuration - This is an info message
[WARN ] 2018-02-04 22:56:39.794 [main] Configuration - This is a warn message
[ERROR] 2018-02-04 22:56:39.795 [main] Configuration - This is an error message
[FATAL] 2018-02-04 22:56:39.795 [main] Configuration - This is a fatal message
[ERROR] 2018-02-04 22:56:39.795 [main] Configuration - Error Message Logged !!!
java.lang.NullPointerException: NullError
	at com.usermanager.utilities.Configuration.<init>(Configuration.java:25) [bin/:?]
	at com.usermanager.controlpanel.Dashboard.main(Dashboard.java:21) [bin/:?]
[INFO ] 2018-02-04 22:56:40.033 [main] Configuration - DEBUG - Group: GetGroupMembers for MyTestGroup
[DEBUG] 2018-02-04 23:01:29.357 [main] Configuration - This is a debug message
[INFO ] 2018-02-04 23:01:29.364 [main] Configuration - This is an info message
[WARN ] 2018-02-04 23:01:29.364 [main] Configuration - This is a warn message
[ERROR] 2018-02-04 23:01:29.365 [main] Configuration - This is an error message
[FATAL] 2018-02-04 23:01:29.365 [main] Configuration - This is a fatal message
[ERROR] 2018-02-04 23:01:29.365 [main] Configuration - Error Message Logged !!!
java.lang.NullPointerException: NullError
	at com.usermanager.utilities.Configuration.<init>(Configuration.java:25) [bin/:?]
	at com.usermanager.controlpanel.Dashboard.main(Dashboard.java:21) [bin/:?]
[INFO ] 2018-02-04 23:01:29.590 [main] Configuration - DEBUG - Group: GetGroupMembers for MyTestGroup
[DEBUG] 2018-02-04 23:05:46.116 [main] Configuration - This is a debug message
[INFO ] 2018-02-04 23:05:46.127 [main] Configuration - This is an info message
[WARN ] 2018-02-04 23:05:46.127 [main] Configuration - This is a warn message
[ERROR] 2018-02-04 23:05:46.128 [main] Configuration - This is an error message
[FATAL] 2018-02-04 23:05:46.129 [main] Configuration - This is a fatal message
[ERROR] 2018-02-04 23:05:46.129 [main] Configuration - Error Message Logged !!!
java.lang.NullPointerException: NullError
	at com.usermanager.utilities.Configuration.<init>(Configuration.java:25) [bin/:?]
	at com.usermanager.controlpanel.Dashboard.main(Dashboard.java:21) [bin/:?]
[DEBUG] 2018-02-04 23:07:02.585 [main] Configuration - This is a debug message
[INFO ] 2018-02-04 23:07:02.593 [main] Configuration - This is an info message
[WARN ] 2018-02-04 23:07:02.593 [main] Configuration - This is a warn message
[ERROR] 2018-02-04 23:07:02.593 [main] Configuration - This is an error message
[FATAL] 2018-02-04 23:07:02.594 [main] Configuration - This is a fatal message
[ERROR] 2018-02-04 23:07:02.594 [main] Configuration - Error Message Logged !!!
java.lang.NullPointerException: NullError
	at com.usermanager.utilities.Configuration.<init>(Configuration.java:25) [bin/:?]
	at com.usermanager.controlpanel.Dashboard.main(Dashboard.java:21) [bin/:?]
[DEBUG] 2018-02-04 23:07:34.285 [main] Configuration - This is a debug message
[INFO ] 2018-02-04 23:07:34.292 [main] Configuration - This is an info message
[WARN ] 2018-02-04 23:07:34.292 [main] Configuration - This is a warn message
[ERROR] 2018-02-04 23:07:34.292 [main] Configuration - This is an error message
[FATAL] 2018-02-04 23:07:34.292 [main] Configuration - This is a fatal message
[ERROR] 2018-02-04 23:07:34.293 [main] Configuration - Error Message Logged !!!
java.lang.NullPointerException: NullError
	at com.usermanager.utilities.Configuration.<init>(Configuration.java:25) [bin/:?]
	at com.usermanager.controlpanel.Dashboard.main(Dashboard.java:21) [bin/:?]
[DEBUG] 2018-02-04 23:08:24.262 [main] Configuration - This is a debug message
[INFO ] 2018-02-04 23:08:24.269 [main] Configuration - This is an info message
[WARN ] 2018-02-04 23:08:24.269 [main] Configuration - This is a warn message
[ERROR] 2018-02-04 23:08:24.269 [main] Configuration - This is an error message
[FATAL] 2018-02-04 23:08:24.270 [main] Configuration - This is a fatal message
[ERROR] 2018-02-04 23:08:24.270 [main] Configuration - Error Message Logged !!!
java.lang.NullPointerException: NullError
	at com.usermanager.utilities.Configuration.<init>(Configuration.java:25) [bin/:?]
	at com.usermanager.controlpanel.Dashboard.main(Dashboard.java:21) [bin/:?]
[DEBUG] 2018-02-04 23:08:50.794 [main] Configuration - This is a debug message
[INFO ] 2018-02-04 23:08:50.800 [main] Configuration - This is an info message
[WARN ] 2018-02-04 23:08:50.801 [main] Configuration - This is a warn message
[ERROR] 2018-02-04 23:08:50.801 [main] Configuration - This is an error message
[FATAL] 2018-02-04 23:08:50.801 [main] Configuration - This is a fatal message
[ERROR] 2018-02-04 23:08:50.801 [main] Configuration - Error Message Logged !!!
java.lang.NullPointerException: NullError
	at com.usermanager.utilities.Configuration.<init>(Configuration.java:25) [bin/:?]
	at com.usermanager.controlpanel.Dashboard.main(Dashboard.java:21) [bin/:?]
[DEBUG] 2018-02-04 23:11:36.995 [main] Configuration - This is a debug message
[INFO ] 2018-02-04 23:11:37.002 [main] Configuration - This is an info message
[WARN ] 2018-02-04 23:11:37.002 [main] Configuration - This is a warn message
[ERROR] 2018-02-04 23:11:37.002 [main] Configuration - This is an error message
[FATAL] 2018-02-04 23:11:37.003 [main] Configuration - This is a fatal message
[ERROR] 2018-02-04 23:11:37.003 [main] Configuration - Error Message Logged !!!
java.lang.NullPointerException: NullError
	at com.usermanager.utilities.Configuration.<init>(Configuration.java:25) [bin/:?]
	at com.usermanager.controlpanel.Dashboard.main(Dashboard.java:21) [bin/:?]
[DEBUG] 2018-02-04 23:11:57.025 [main] Configuration - This is a debug message
[INFO ] 2018-02-04 23:11:57.031 [main] Configuration - This is an info message
[WARN ] 2018-02-04 23:11:57.031 [main] Configuration - This is a warn message
[ERROR] 2018-02-04 23:11:57.032 [main] Configuration - This is an error message
[FATAL] 2018-02-04 23:11:57.032 [main] Configuration - This is a fatal message
[ERROR] 2018-02-04 23:11:57.033 [main] Configuration - Error Message Logged !!!
java.lang.NullPointerException: NullError
	at com.usermanager.utilities.Configuration.<init>(Configuration.java:25) [bin/:?]
	at com.usermanager.controlpanel.Dashboard.main(Dashboard.java:21) [bin/:?]
[DEBUG] 2018-02-04 23:15:19.591 [main] Configuration - This is a debug message
[INFO ] 2018-02-04 23:15:19.598 [main] Configuration - This is an info message
[WARN ] 2018-02-04 23:15:19.599 [main] Configuration - This is a warn message
[ERROR] 2018-02-04 23:15:19.599 [main] Configuration - This is an error message
[FATAL] 2018-02-04 23:15:19.599 [main] Configuration - This is a fatal message
[ERROR] 2018-02-04 23:15:19.599 [main] Configuration - Error Message Logged !!!
java.lang.NullPointerException: NullError
	at com.usermanager.utilities.Configuration.<init>(Configuration.java:25) [bin/:?]
	at com.usermanager.controlpanel.Dashboard.main(Dashboard.java:21) [bin/:?]
[DEBUG] 2018-02-04 23:18:12.542 [main] Configuration - This is a debug message
[INFO ] 2018-02-04 23:18:12.549 [main] Configuration - This is an info message
[WARN ] 2018-02-04 23:18:12.549 [main] Configuration - This is a warn message
[ERROR] 2018-02-04 23:18:12.549 [main] Configuration - This is an error message
[FATAL] 2018-02-04 23:18:12.550 [main] Configuration - This is a fatal message
[ERROR] 2018-02-04 23:18:12.550 [main] Configuration - Error Message Logged !!!
java.lang.NullPointerException: NullError
	at com.usermanager.utilities.Configuration.<init>(Configuration.java:25) [bin/:?]
	at com.usermanager.controlpanel.Dashboard.main(Dashboard.java:21) [bin/:?]
[INFO ] 2018-02-04 23:32:42.346 [main] Configuration - DEBUG - Group: GetGroupMembers for MyTestGroup
[ERROR] 2018-02-04 23:32:42.348 [main] Configuration - Error Message Logged !!!
java.lang.NullPointerException: NullError
	at com.usermanager.dao.Group.GetGroupMembers(Group.java:67) [bin/:?]
	at com.usermanager.controlpanel.Dashboard.main(Dashboard.java:27) [bin/:?]
[DEBUG] 2018-02-04 23:36:35.128 [main] Configuration - This is a debug message
[INFO ] 2018-02-04 23:36:35.135 [main] Configuration - This is an info message
[WARN ] 2018-02-04 23:36:35.136 [main] Configuration - This is a warn message
[ERROR] 2018-02-04 23:36:35.136 [main] Configuration - This is an error message
[FATAL] 2018-02-04 23:36:35.136 [main] Configuration - This is a fatal message
[ERROR] 2018-02-04 23:36:35.137 [main] Configuration - Error Message Logged !!!
java.lang.NullPointerException: NullError
	at com.usermanager.utilities.Configuration.<init>(Configuration.java:25) [bin/:?]
	at com.usermanager.controlpanel.Dashboard.main(Dashboard.java:21) [bin/:?]
[INFO ] 2018-02-04 23:36:35.344 [main] Configuration - GetGroupMembers for MyTestGroup
[ERROR] 2018-02-04 23:36:35.346 [main] Configuration - Error Message Logged !!!
java.lang.NullPointerException: NullError
	at com.usermanager.dao.Group.GetGroupMembers(Group.java:67) [bin/:?]
	at com.usermanager.controlpanel.Dashboard.main(Dashboard.java:27) [bin/:?]
[DEBUG] 2018-02-04 23:37:52.765 [main] Configuration - This is a debug message
[INFO ] 2018-02-04 23:37:52.774 [main] Configuration - This is an info message
[WARN ] 2018-02-04 23:37:52.775 [main] Configuration - This is a warn message
[ERROR] 2018-02-04 23:37:52.775 [main] Configuration - This is an error message
[FATAL] 2018-02-04 23:37:52.775 [main] Configuration - This is a fatal message
[ERROR] 2018-02-04 23:37:52.776 [main] Configuration - Error Message Logged !!!
java.lang.NullPointerException: NullError
	at com.usermanager.utilities.Configuration.<init>(Configuration.java:25) [bin/:?]
	at com.usermanager.controlpanel.Dashboard.main(Dashboard.java:21) [bin/:?]
[INFO ] 2018-02-04 23:37:53.025 [main] Group - GetGroupMembers for MyTestGroup
[ERROR] 2018-02-04 23:37:53.026 [main] Configuration - Error Message Logged !!!
java.lang.NullPointerException: NullError
	at com.usermanager.dao.Group.GetGroupMembers(Group.java:69) [bin/:?]
	at com.usermanager.controlpanel.Dashboard.main(Dashboard.java:27) [bin/:?]
[DEBUG] 2018-02-04 23:38:29.864 [main] Configuration - This is a debug message
[INFO ] 2018-02-04 23:38:29.870 [main] Configuration - This is an info message
[WARN ] 2018-02-04 23:38:29.871 [main] Configuration - This is a warn message
[ERROR] 2018-02-04 23:38:29.871 [main] Configuration - This is an error message
[FATAL] 2018-02-04 23:38:29.871 [main] Configuration - This is a fatal message
[ERROR] 2018-02-04 23:38:29.872 [main] Configuration - Error Message Logged !!!
java.lang.NullPointerException: NullError
	at com.usermanager.utilities.Configuration.<init>(Configuration.java:25) [bin/:?]
	at com.usermanager.controlpanel.Dashboard.main(Dashboard.java:21) [bin/:?]
[INFO ] 2018-02-04 23:38:30.121 [main] Configuration - GetGroupMembers for MyTestGroup
[ERROR] 2018-02-04 23:38:30.122 [main] Configuration - Error Message Logged !!!
java.lang.NullPointerException: NullError
	at com.usermanager.dao.Group.GetGroupMembers(Group.java:67) [bin/:?]
	at com.usermanager.controlpanel.Dashboard.main(Dashboard.java:27) [bin/:?]
[DEBUG] 2018-02-04 23:39:23.043 [main] Configuration - This is a debug message
[INFO ] 2018-02-04 23:39:23.049 [main] Configuration - This is an info message
[WARN ] 2018-02-04 23:39:23.050 [main] Configuration - This is a warn message
[ERROR] 2018-02-04 23:39:23.050 [main] Configuration - This is an error message
[FATAL] 2018-02-04 23:39:23.051 [main] Configuration - This is a fatal message
[ERROR] 2018-02-04 23:39:23.051 [main] Configuration - Error Message Logged !!!
java.lang.NullPointerException: NullError
	at com.usermanager.utilities.Configuration.<init>(Configuration.java:25) [bin/:?]
	at com.usermanager.controlpanel.Dashboard.main(Dashboard.java:21) [bin/:?]
[INFO ] 2018-02-04 23:39:23.283 [main] Configuration - GetGroupMembers for MyTestGroup
[ERROR] 2018-02-04 23:39:23.284 [main] Configuration - Error Message Logged !!!
java.lang.NullPointerException: NullError
	at com.usermanager.dao.Group.GetGroupMembers(Group.java:67) [bin/:?]
	at com.usermanager.controlpanel.Dashboard.main(Dashboard.java:27) [bin/:?]
[DEBUG] 2018-02-04 23:39:27.502 [main] Configuration - This is a debug message
[INFO ] 2018-02-04 23:39:27.512 [main] Configuration - This is an info message
[WARN ] 2018-02-04 23:39:27.512 [main] Configuration - This is a warn message
[ERROR] 2018-02-04 23:39:27.513 [main] Configuration - This is an error message
[FATAL] 2018-02-04 23:39:27.513 [main] Configuration - This is a fatal message
[ERROR] 2018-02-04 23:39:27.513 [main] Configuration - Error Message Logged !!!
java.lang.NullPointerException: NullError
	at com.usermanager.utilities.Configuration.<init>(Configuration.java:25) [bin/:?]
	at com.usermanager.controlpanel.Dashboard.main(Dashboard.java:21) [bin/:?]
[INFO ] 2018-02-04 23:39:27.777 [main] Configuration - GetGroupMembers for MyTestGroup
[ERROR] 2018-02-04 23:39:27.778 [main] Configuration - Error Message Logged !!!
java.lang.NullPointerException: NullError
	at com.usermanager.dao.Group.GetGroupMembers(Group.java:67) [bin/:?]
	at com.usermanager.controlpanel.Dashboard.main(Dashboard.java:27) [bin/:?]
[DEBUG] 2018-02-04 23:40:23.239 [main] Configuration - This is a debug message
[INFO ] 2018-02-04 23:40:23.246 [main] Configuration - This is an info message
[WARN ] 2018-02-04 23:40:23.247 [main] Configuration - This is a warn message
[ERROR] 2018-02-04 23:40:23.247 [main] Configuration - This is an error message
[FATAL] 2018-02-04 23:40:23.247 [main] Configuration - This is a fatal message
[ERROR] 2018-02-04 23:40:23.248 [main] Configuration - Error Message Logged !!!
java.lang.NullPointerException: NullError
	at com.usermanager.utilities.Configuration.<init>(Configuration.java:25) [bin/:?]
	at com.usermanager.controlpanel.Dashboard.main(Dashboard.java:21) [bin/:?]
[INFO ] 2018-02-04 23:40:23.476 [main] Configuration - GetGroupMembers for MyTestGroup
[ERROR] 2018-02-04 23:40:23.477 [main] Configuration - Error Message Logged !!!
java.lang.NullPointerException: NullError
	at com.usermanager.dao.Group.GetGroupMembers(Group.java:67) [bin/:?]
	at com.usermanager.controlpanel.Dashboard.main(Dashboard.java:27) [bin/:?]
[DEBUG] 2018-02-04 23:41:43.260 [main] Configuration - This is a debug message
[INFO ] 2018-02-04 23:41:43.269 [main] Configuration - This is an info message
[WARN ] 2018-02-04 23:41:43.271 [main] Configuration - This is a warn message
[ERROR] 2018-02-04 23:41:43.271 [main] Configuration - This is an error message
[FATAL] 2018-02-04 23:41:43.272 [main] Configuration - This is a fatal message
[ERROR] 2018-02-04 23:41:43.272 [main] Configuration - Error Message Logged !!!
java.lang.NullPointerException: NullError
	at com.usermanager.utilities.Configuration.<init>(Configuration.java:25) [bin/:?]
	at com.usermanager.controlpanel.Dashboard.main(Dashboard.java:21) [bin/:?]
[INFO ] 2018-02-04 23:41:43.468 [main] Group - GetGroupMembers for MyTestGroup
[ERROR] 2018-02-04 23:41:43.468 [main] Group - Error Message Logged !!!
java.lang.NullPointerException: NullError
	at com.usermanager.dao.Group.GetGroupMembers(Group.java:69) [bin/:?]
	at com.usermanager.controlpanel.Dashboard.main(Dashboard.java:27) [bin/:?]
[DEBUG] 2018-02-04 23:54:03.750 [main] com.usermanager.utilities.Configuration - This is a debug message
[INFO ] 2018-02-04 23:54:03.761 [main] com.usermanager.utilities.Configuration - This is an info message
[WARN ] 2018-02-04 23:54:03.761 [main] com.usermanager.utilities.Configuration - This is a warn message
[ERROR] 2018-02-04 23:54:03.762 [main] com.usermanager.utilities.Configuration - This is an error message
[FATAL] 2018-02-04 23:54:03.762 [main] com.usermanager.utilities.Configuration - This is a fatal message
[ERROR] 2018-02-04 23:54:03.763 [main] com.usermanager.utilities.Configuration - Error Message Logged !!!
java.lang.NullPointerException: NullError
	at com.usermanager.utilities.Configuration.<init>(Configuration.java:25) [bin/:?]
	at com.usermanager.controlpanel.Dashboard.main(Dashboard.java:21) [bin/:?]
[INFO ] 2018-02-04 23:54:03.999 [main] com.usermanager.dao.Group - Successfully looked up group members for MyTestGroup
[INFO ] 2018-02-05 00:01:16.648 [main] com.usermanager.dao.Group - Successfully looked up group members for MyTestGroup
[INFO ] 2018-02-05 00:03:52.400 [main] com.usermanager.dao.Group - Successfully looked up group members for MyTestGroup
[INFO ] 2018-02-05 00:04:25.978 [main] com.usermanager.dao.Group - Successfully looked up group members for MyTestGroup
[INFO ] 2018-02-10 15:23:32.105 [main] com.usermanager.dao.Group - Successfully looked up group members for MyTestGroup
[INFO ] 2018-02-10 16:30:12.921 [main] com.usermanager.dao.Group - Successfully looked up group members for MyTestGroup
[ERROR] 2018-02-10 16:30:13.096 [main] com.usermanager.dao.Group - Unable to add user jasonbourne to group MyTestGroup. Failed to execute the following command: net localgroup MyTestGroup jasonbourne /add due to the following error(s):
System error 5 has occurred.


[INFO ] 2018-02-10 17:06:30.751 [main] com.usermanager.dao.Group - Successfully looked up group members for MyTestGroup
[ERROR] 2018-02-10 17:06:30.873 [main] com.usermanager.dao.Group - Unable to add user jasonbourne to group MyTestGroup. Failed to execute the following command: net localgroup MyTestGroup jasonbourne /add due to the following error(s):
System error 5 has occurred.


[INFO ] 2018-02-10 17:06:55.249 [main] com.usermanager.dao.Group - Successfully looked up group members for MyTestGroup
[ERROR] 2018-02-10 17:06:55.379 [main] com.usermanager.dao.Group - Unable to add user jasonbourne to group MyTestGroup. Failed to execute the following command: net localgroup MyTestGroup jasonbourne /add due to the following error(s):
System error 5 has occurred.


[INFO ] 2018-02-10 17:12:52.972 [main] com.usermanager.dao.Group - Successfully looked up group members for MyTestGroup
[ERROR] 2018-02-10 17:22:27.692 [main] com.usermanager.dao.Group - Unable to add user jasonbourne to group MyTestGroup. Failed to execute the following command: net localgroup MyTestGroup jasonbourne /add due to the following error(s):
System error 5 has occurred.


[INFO ] 2018-02-10 17:28:39.077 [main] com.usermanager.dao.Group - Successfully looked up group members for MyTestGroup
[ERROR] 2018-02-10 17:28:39.226 [main] com.usermanager.dao.Group - Unable to add user jasonbourne to group MyTestGroup.
[INFO ] 2018-02-10 17:30:21.868 [main] com.usermanager.dao.Group - Successfully looked up group members for MyTestGroup
[ERROR] 2018-02-10 17:30:21.996 [main] com.usermanager.dao.Group - Unable to add user jasonbourne to group MyTestGroup.
[INFO ] 2018-02-10 17:30:21.999 [main] com.usermanager.dao.Group - Successfully added user jasonbourne to group MyTestGroup.
[INFO ] 2018-02-10 17:30:57.660 [main] com.usermanager.dao.Group - Successfully looked up group members for MyTestGroup
[ERROR] 2018-02-10 17:30:57.908 [main] com.usermanager.dao.Group - Unable to add user jasonbourne to group MyTestGroup.
[ERROR] 2018-02-10 17:30:57.910 [main] com.usermanager.dao.Group - Successfully added user jasonbourne to group MyTestGroup.
[INFO ] 2018-02-10 17:31:46.541 [main] com.usermanager.dao.Group - Successfully looked up group members for MyTestGroup
[ERROR] 2018-02-10 17:31:46.670 [main] com.usermanager.dao.Group - Unable to add user jasonbourne to group MyTestGroup.
[INFO ] 2018-02-10 17:32:39.704 [main] com.usermanager.dao.Group - Successfully looked up group members for MyTestGroup
[ERROR] 2018-02-10 17:32:39.845 [main] com.usermanager.dao.Group - Unable to add user jasonbourne to group MyTestGroup.
[INFO ] 2018-02-10 17:32:59.348 [main] com.usermanager.dao.Group - Successfully looked up group members for MyTestGroup
[ERROR] 2018-02-10 17:32:59.480 [main] com.usermanager.dao.Group - Unable to add user jasonbourne to group MyTestGroup.
[ERROR] 2018-02-10 17:33:33.563 [main] com.usermanager.dao.Group - Unable to add user jasonbourne to group MyTestGroup.
[INFO ] 2018-02-10 17:34:23.363 [main] com.usermanager.dao.Group - Successfully looked up group members for MyTestGroup
